Tue Mar 05 14:58:50 CET 2019 : Apache Derby Network Server - 10.10.2.0 - (1582446) démarré et prêt à accepter les connexions sur le port 1527
----------------------------------------------------------------
Tue Mar 05 14:58:50 CET 2019:
Amorçage de Derby version The Apache Software Foundation - Apache Derby - 10.10.2.0 - (1582446) : instance a816c00e-0169-4e26-58c4-ffff8c84bacd 
dans le répertoire de base de données C:\Users\anastasia.salari\Desktop\cours\ProjetHardis\Hardis avec le chargeur de classe sun.misc.Launcher$AppClassLoader@1d44bcfa
Chargé de file:/C:/Program%20Files%20(x86)/glassfish-4.1.1/javadb/lib/derby.jar
java.vendor=Oracle Corporation
java.runtime.version=1.8.0_181-b13
user.dir=C:\Program Files (x86)\glassfish-4.1.1\javadb
os.name=Windows 10
os.arch=amd64
os.version=10.0
derby.system.home=C:\Users\anastasia.salari\Desktop\cours\ProjetHardis
Chargeur de classe de la base de données démarré - derby.database.classpath = ''
----------------------------------------------------------------
Tue Mar 05 14:58:52 CET 2019:
Fermeture de l'instance a816c00e-0169-4e26-58c4-ffff8c84bacd sur le répertoire de base de données C:\Users\anastasia.salari\Desktop\cours\ProjetHardis\Hardis avec le chargeur de classe sun.misc.Launcher$AppClassLoader@1d44bcfa 
Tue Mar 05 14:58:52 CET 2019 Thread[DRDAConnThread_3,5,main] (DATABASE = Hardis), (DRDAID = {2}), Arrêt de la base de données 'Hardis'.
----------------------------------------------------------------
Tue Mar 05 15:00:42 CET 2019:
Amorçage de Derby version The Apache Software Foundation - Apache Derby - 10.10.2.0 - (1582446) : instance 560740aa-0169-4e26-58c4-ffff8c84bacd 
dans le répertoire de base de données C:\Users\anastasia.salari\Desktop\cours\ProjetHardis\Hardis avec le chargeur de classe sun.misc.Launcher$AppClassLoader@1d44bcfa
Chargé de file:/C:/Program%20Files%20(x86)/glassfish-4.1.1/javadb/lib/derby.jar
java.vendor=Oracle Corporation
java.runtime.version=1.8.0_181-b13
user.dir=C:\Program Files (x86)\glassfish-4.1.1\javadb
os.name=Windows 10
os.arch=amd64
os.version=10.0
derby.system.home=C:\Users\anastasia.salari\Desktop\cours\ProjetHardis
Chargeur de classe de la base de données démarré - derby.database.classpath = ''
