Thu Mar 07 08:47:34 CET 2019 : Apache Derby Servidor de Rede - 10.10.2.0 - (1582446) iniciado e pronto para aceitar conexões na porta 1527 em {3}
----------------------------------------------------------------
Thu Mar 07 08:47:42 CET 2019:
 Inicializando o Derby versão The Apache Software Foundation - Apache Derby - 10.10.2.0 - (1582446): instância a816c00e-0169-571f-02f2-0000448795d2
no diretório de banco de dados /Users/gabrielleite/Desktop/ProjetHardis/Hardis/Hardis 

java.vendor=Oracle Corporation
java.runtime.version=1.8.0_162-b12
user.dir=/Users/gabrielleite/Downloads/glassfish411/javadb
os.name=Mac OS X
os.arch=x86_64
os.version=10.14.3
derby.system.home=/Users/gabrielleite/Desktop/ProjetHardis/Hardis
Carregador de classe do banco de dados iniciado - derby.database.classpath=''
----------------------------------------------------------------
Thu Mar 07 08:47:53 CET 2019:
Encerrando a instância a816c00e-0169-571f-02f2-0000448795d2
Thu Mar 07 08:47:53 CET 2019 Thread[DRDAConnThread_2,5,main] (DATABASE = Hardis), (DRDAID = {2}), Banco de dados 'Hardis' fechado.
----------------------------------------------------------------
Thu Mar 07 08:48:29 CET 2019:
 Inicializando o Derby versão The Apache Software Foundation - Apache Derby - 10.10.2.0 - (1582446): instância 560740aa-0169-571f-02f2-0000448795d2
no diretório de banco de dados /Users/gabrielleite/Desktop/ProjetHardis/Hardis/Hardis 

java.vendor=Oracle Corporation
java.runtime.version=1.8.0_162-b12
user.dir=/Users/gabrielleite/Downloads/glassfish411/javadb
os.name=Mac OS X
os.arch=x86_64
os.version=10.14.3
derby.system.home=/Users/gabrielleite/Desktop/ProjetHardis/Hardis
Carregador de classe do banco de dados iniciado - derby.database.classpath=''
----------------------------------------------------------------
Thu Mar 07 08:57:42 CET 2019: Shutting down Derby engine
----------------------------------------------------------------
Thu Mar 07 08:57:42 CET 2019:
Encerrando a instância 560740aa-0169-571f-02f2-0000448795d2
----------------------------------------------------------------
